<?xml version="1.0" encoding="UTF-8"?>
<testng-results skipped="0" failed="0" ignored="0" total="2" passed="2">
  <reporter-output>
  </reporter-output>
  <suite name="Suite" duration-ms="37877" started-at="2018-01-09T14:37:34Z" finished-at="2018-01-09T14:38:12Z">
    <groups>
    </groups>
    <test name="Test" duration-ms="37877" started-at="2018-01-09T14:37:34Z" finished-at="2018-01-09T14:38:12Z">
      <class name="script.TestInvalidLogin">
        <test-method status="PASS" signature="openApplication()[pri:0, instance:script.TestInvalidLogin@56f4468b]" name="openApplication" is-config="true" duration-ms="10729" started-at="2018-01-09T20:07:55Z" finished-at="2018-01-09T20:08:05Z">
          <reporter-output>
          </reporter-output>
        </test-method> <!-- openApplication -->
        <test-method status="PASS" signature="testInvalidLogin()[pri:0, instance:script.TestInvalidLogin@56f4468b]" name="testInvalidLogin" duration-ms="6136" started-at="2018-01-09T20:08:05Z" finished-at="2018-01-09T20:08:11Z">
          <reporter-output>
          </reporter-output>
        </test-method> <!-- testInvalidLogin -->
        <test-method status="PASS" signature="closeApplication()[pri:0, instance:script.TestInvalidLogin@56f4468b]" name="closeApplication" is-config="true" duration-ms="138" started-at="2018-01-09T20:08:11Z" finished-at="2018-01-09T20:08:12Z">
          <reporter-output>
          </reporter-output>
        </test-method> <!-- closeApplication -->
      </class> <!-- script.TestInvalidLogin -->
      <class name="script.TestValidLogin">
        <test-method status="PASS" signature="openApplication()[pri:0, instance:script.TestValidLogin@5d5eef3d]" name="openApplication" is-config="true" duration-ms="15559" started-at="2018-01-09T20:07:34Z" finished-at="2018-01-09T20:07:49Z">
          <reporter-output>
          </reporter-output>
        </test-method> <!-- openApplication -->
        <test-method status="PASS" signature="testValidLogin()[pri:0, instance:script.TestValidLogin@5d5eef3d]" name="testValidLogin" duration-ms="5085" started-at="2018-01-09T20:07:49Z" finished-at="2018-01-09T20:07:54Z">
          <reporter-output>
          </reporter-output>
        </test-method> <!-- testValidLogin -->
        <test-method status="PASS" signature="closeApplication()[pri:0, instance:script.TestValidLogin@5d5eef3d]" name="closeApplication" is-config="true" duration-ms="189" started-at="2018-01-09T20:07:54Z" finished-at="2018-01-09T20:07:55Z">
          <reporter-output>
          </reporter-output>
        </test-method> <!-- closeApplication -->
      </class> <!-- script.TestValidLogin -->
    </test> <!-- Test -->
  </suite> <!-- Suite -->
</testng-results>
